生成启动时间为 2020/3/31 10:37:47。
     1>项目“D:\文件\编程代码存储路径\数据结构程序设计\排序算法Ver2.0\排序算法Ver2.0.vcxproj”在节点 2 上(build 个目标)。
     1>InitializeBuildStatus:
         正在创建“Debug\排序算法Ver2.0.unsuccessfulbuild”，因为已指定“AlwaysCreate”。
       ClCompile:
         d:\程序\VS2010\VC\bin\CL.exe /c /ZI /nologo /W3 /WX- /Od /Oy- /D _UNICODE /D UNICODE /Gm /EHsc /RTC1 /MDd /GS /fp:precise /Zc:wchar_t /Zc:forScope /Fo"Debug\\" /Fd"Debug\vc100.pdb" /Gd /TP /analyze- /errorReport:prompt SortMenu.cpp
         SortMenu.cpp
       Link:
         d:\程序\VS2010\VC\bin\link.exe /ERRORREPORT:PROMPT /OUT:"D:\文件\编程代码存储路径\数据结构程序设计\排序算法Ver2.0\Debug\排序算法Ver2.0.exe" /NOLOGO kernel32.lib user32.lib gdi32.lib winspool.lib comdlg32.lib advapi32.lib shell32.lib ole32.lib oleaut32.lib uuid.lib odbc32.lib odbccp32.lib /MANIFEST /ManifestFile:"Debug\排序算法Ver2.0.exe.intermediate.manifest" /MANIFESTUAC:"level='asInvoker' uiAccess='false'" /DEBUG /PDB:"D:\文件\编程代码存储路径\数据结构程序设计\排序算法Ver2.0\Debug\排序算法Ver2.0.pdb" /TLBID:1 /DYNAMICBASE /NXCOMPAT /IMPLIB:"D:\文件\编程代码存储路径\数据结构程序设计\排序算法Ver2.0\Debug\排序算法Ver2.0.lib" /MACHINE:X86 Debug\BubbleSort.obj
         Debug\HeapSort.obj
         Debug\main.obj
         Debug\MergeSort.obj
         Debug\QuickSort.obj
         Debug\ShellSort.obj
         Debug\SortMenu.obj
         Debug\ToolArray.obj
         LINK : 没有找到 D:\文件\编程代码存储路径\数据结构程序设计\排序算法Ver2.0\Debug\排序算法Ver2.0.exe 或上一个增量链接没有生成它；正在执行完全链接
         排序算法Ver2.0.vcxproj -> D:\文件\编程代码存储路径\数据结构程序设计\排序算法Ver2.0\Debug\排序算法Ver2.0.exe
       Manifest:
         C:\Program Files (x86)\Microsoft SDKs\Windows\v7.0A\bin\mt.exe /nologo /verbose /outputresource:"D:\文件\编程代码存储路径\数据结构程序设计\排序算法Ver2.0\Debug\排序算法Ver2.0.exe;#1" /manifest "Debug\排序算法Ver2.0.exe.intermediate.manifest"
       FinalizeBuildStatus:
         正在删除文件“Debug\排序算法Ver2.0.unsuccessfulbuild”。
         正在对“Debug\排序算法Ver2.0.lastbuildstate”执行 Touch 任务。
     1>已完成生成项目“D:\文件\编程代码存储路径\数据结构程序设计\排序算法Ver2.0\排序算法Ver2.0.vcxproj”(build 个目标)的操作。

生成成功。

已用时间 00:00:03.06
